<?xml version="1.0" encoding="UTF-8"?>
<!-- Generated by org.testng.reporters.JUnitReportReporter -->
<testsuite hostname="DELL-INSP-5110" failures="0" tests="1" name="TestClasses.VerifyUserCanLogin" time="9.170" errors="0" timestamp="2022-07-26T21:51:35 IST" skipped="0">
  <testcase classname="TestClasses.VerifyUserCanLogin" name="verifyUserCanLogin" time="9.170"/>
  <system-out>
    <![CDATA[[TestResult name=verifyUserCanLogin status=STARTED method=VerifyUserCanLogin.verifyUserCanLogin()[pri:0, instance:TestClasses.VerifyUserCanLogin@4d5d943d] output={null}] Test Started
[TestResult name=verifyUserCanLogin status=SUCCESS method=VerifyUserCanLogin.verifyUserCanLogin()[pri:0, instance:TestClasses.VerifyUserCanLogin@4d5d943d] output=[TestResult name=verifyUserCanLogin status=STARTED method=VerifyUserCanLogin.verifyUserCanLogin()[pri:0, instance:TestClasses.VerifyUserCanLogin@4d5d943d] output={null}] Test Started]  Test Passed]]>
  </system-out>
</testsuite> <!-- TestClasses.VerifyUserCanLogin -->
